{"/Users/armen/Documents/coding/AngularApps/bunk-dev-test/api/app.js": {"path":"/Users/armen/Documents/coding/AngularApps/bunk-dev-test/api/app.js","statementMap":{"0":{"start":{"line":5,"column":12},"end":{"line":5,"column":21}},"1":{"start":{"line":8,"column":0},"end":{"line":8,"column":27}},"2":{"start":{"line":10,"column":0},"end":{"line":10,"column":48}},"3":{"start":{"line":13,"column":0},"end":{"line":22,"column":3}},"4":{"start":{"line":14,"column":2},"end":{"line":17,"column":3}},"5":{"start":{"line":15,"column":4},"end":{"line":15,"column":24}},"6":{"start":{"line":16,"column":4},"end":{"line":16,"column":11}},"7":{"start":{"line":19,"column":19},"end":{"line":19,"column":56}},"8":{"start":{"line":21,"column":2},"end":{"line":21,"column":21}}},"fnMap":{"0":{"name":"(anonymous_0)","decl":{"start":{"line":13,"column":21},"end":{"line":13,"column":22}},"loc":{"start":{"line":13,"column":41},"end":{"line":22,"column":1}},"line":13}},"branchMap":{"0":{"loc":{"start":{"line":14,"column":2},"end":{"line":17,"column":3}},"type":"if","locations":[{"start":{"line":14,"column":2},"end":{"line":17,"column":3}},{"start":{},"end":{}}],"line":14}},"s":{"0":1,"1":1,"2":1,"3":1,"4":8,"5":1,"6":1,"7":7,"8":7},"f":{"0":8},"b":{"0":[1,7]},"_coverageSchema":"1a1c01bbd47fc00a2c39e90264f33305004495a9","hash":"dc962a6d0a9f6b306cd2159a309051c18184c360"}
,"/Users/armen/Documents/coding/AngularApps/bunk-dev-test/api/lib.js": {"path":"/Users/armen/Documents/coding/AngularApps/bunk-dev-test/api/lib.js","statementMap":{"0":{"start":{"line":14,"column":15},"end":{"line":14,"column":53}},"1":{"start":{"line":16,"column":2},"end":{"line":110,"column":3}},"2":{"start":{"line":17,"column":23},"end":{"line":17,"column":25}},"3":{"start":{"line":18,"column":22},"end":{"line":18,"column":23}},"4":{"start":{"line":20,"column":18},"end":{"line":20,"column":20}},"5":{"start":{"line":23,"column":4},"end":{"line":31,"column":7}},"6":{"start":{"line":24,"column":6},"end":{"line":28,"column":7}},"7":{"start":{"line":25,"column":8},"end":{"line":25,"column":81}},"8":{"start":{"line":27,"column":8},"end":{"line":27,"column":52}},"9":{"start":{"line":30,"column":6},"end":{"line":30,"column":36}},"10":{"start":{"line":34,"column":4},"end":{"line":34,"column":40}},"11":{"start":{"line":37,"column":21},"end":{"line":37,"column":49}},"12":{"start":{"line":39,"column":4},"end":{"line":39,"column":31}},"13":{"start":{"line":40,"column":4},"end":{"line":40,"column":35}},"14":{"start":{"line":43,"column":17},"end":{"line":43,"column":21}},"15":{"start":{"line":45,"column":26},"end":{"line":45,"column":29}},"16":{"start":{"line":46,"column":16},"end":{"line":46,"column":17}},"17":{"start":{"line":47,"column":4},"end":{"line":107,"column":5}},"18":{"start":{"line":49,"column":6},"end":{"line":49,"column":14}},"19":{"start":{"line":50,"column":6},"end":{"line":53,"column":7}},"20":{"start":{"line":51,"column":8},"end":{"line":51,"column":23}},"21":{"start":{"line":52,"column":8},"end":{"line":52,"column":98}},"22":{"start":{"line":55,"column":6},"end":{"line":99,"column":7}},"23":{"start":{"line":55,"column":19},"end":{"line":55,"column":20}},"24":{"start":{"line":57,"column":8},"end":{"line":59,"column":9}},"25":{"start":{"line":58,"column":10},"end":{"line":58,"column":19}},"26":{"start":{"line":62,"column":19},"end":{"line":62,"column":56}},"27":{"start":{"line":65,"column":8},"end":{"line":98,"column":9}},"28":{"start":{"line":65,"column":21},"end":{"line":65,"column":22}},"29":{"start":{"line":66,"column":10},"end":{"line":68,"column":11}},"30":{"start":{"line":67,"column":12},"end":{"line":67,"column":21}},"31":{"start":{"line":70,"column":10},"end":{"line":97,"column":11}},"32":{"start":{"line":72,"column":25},"end":{"line":72,"column":62}},"33":{"start":{"line":76,"column":12},"end":{"line":94,"column":13}},"34":{"start":{"line":77,"column":14},"end":{"line":81,"column":16}},"35":{"start":{"line":83,"column":14},"end":{"line":83,"column":73}},"36":{"start":{"line":84,"column":14},"end":{"line":84,"column":73}},"37":{"start":{"line":86,"column":14},"end":{"line":90,"column":16}},"38":{"start":{"line":92,"column":14},"end":{"line":92,"column":75}},"39":{"start":{"line":93,"column":14},"end":{"line":93,"column":75}},"40":{"start":{"line":96,"column":12},"end":{"line":96,"column":18}},"41":{"start":{"line":103,"column":19},"end":{"line":103,"column":83}},"42":{"start":{"line":103,"column":68},"end":{"line":103,"column":80}},"43":{"start":{"line":104,"column":6},"end":{"line":106,"column":7}},"44":{"start":{"line":105,"column":8},"end":{"line":105,"column":23}},"45":{"start":{"line":109,"column":4},"end":{"line":109,"column":29}},"46":{"start":{"line":112,"column":2},"end":{"line":112,"column":16}}},"fnMap":{"0":{"name":"expensesCalculator","decl":{"start":{"line":13,"column":16},"end":{"line":13,"column":34}},"loc":{"start":{"line":13,"column":45},"end":{"line":113,"column":1}},"line":13},"1":{"name":"(anonymous_1)","decl":{"start":{"line":23,"column":21},"end":{"line":23,"column":22}},"loc":{"start":{"line":23,"column":32},"end":{"line":31,"column":5}},"line":23},"2":{"name":"(anonymous_2)","decl":{"start":{"line":103,"column":63},"end":{"line":103,"column":64}},"loc":{"start":{"line":103,"column":68},"end":{"line":103,"column":80}},"line":103}},"branchMap":{"0":{"loc":{"start":{"line":16,"column":2},"end":{"line":110,"column":3}},"type":"if","locations":[{"start":{"line":16,"column":2},"end":{"line":110,"column":3}},{"start":{},"end":{}}],"line":16},"1":{"loc":{"start":{"line":16,"column":6},"end":{"line":16,"column":60}},"type":"binary-expr","locations":[{"start":{"line":16,"column":6},"end":{"line":16,"column":14}},{"start":{"line":16,"column":18},"end":{"line":16,"column":41}},{"start":{"line":16,"column":45},"end":{"line":16,"column":60}}],"line":16},"2":{"loc":{"start":{"line":24,"column":6},"end":{"line":28,"column":7}},"type":"if","locations":[{"start":{"line":24,"column":6},"end":{"line":28,"column":7}},{"start":{"line":26,"column":13},"end":{"line":28,"column":7}}],"line":24},"3":{"loc":{"start":{"line":50,"column":6},"end":{"line":53,"column":7}},"type":"if","locations":[{"start":{"line":50,"column":6},"end":{"line":53,"column":7}},{"start":{},"end":{}}],"line":50},"4":{"loc":{"start":{"line":57,"column":8},"end":{"line":59,"column":9}},"type":"if","locations":[{"start":{"line":57,"column":8},"end":{"line":59,"column":9}},{"start":{},"end":{}}],"line":57},"5":{"loc":{"start":{"line":66,"column":10},"end":{"line":68,"column":11}},"type":"if","locations":[{"start":{"line":66,"column":10},"end":{"line":68,"column":11}},{"start":{},"end":{}}],"line":66},"6":{"loc":{"start":{"line":70,"column":10},"end":{"line":97,"column":11}},"type":"if","locations":[{"start":{"line":70,"column":10},"end":{"line":97,"column":11}},{"start":{},"end":{}}],"line":70},"7":{"loc":{"start":{"line":76,"column":12},"end":{"line":94,"column":13}},"type":"if","locations":[{"start":{"line":76,"column":12},"end":{"line":94,"column":13}},{"start":{"line":85,"column":19},"end":{"line":94,"column":13}}],"line":76},"8":{"loc":{"start":{"line":104,"column":6},"end":{"line":106,"column":7}},"type":"if","locations":[{"start":{"line":104,"column":6},"end":{"line":106,"column":7}},{"start":{},"end":{}}],"line":104},"9":{"loc":{"start":{"line":104,"column":10},"end":{"line":104,"column":39}},"type":"binary-expr","locations":[{"start":{"line":104,"column":10},"end":{"line":104,"column":16}},{"start":{"line":104,"column":20},"end":{"line":104,"column":39}}],"line":104}},"s":{"0":8,"1":8,"2":4,"3":4,"4":4,"5":4,"6":11,"7":2,"8":9,"9":11,"10":4,"11":4,"12":4,"13":4,"14":4,"15":4,"16":4,"17":4,"18":5,"19":5,"20":0,"21":0,"22":5,"23":5,"24":13,"25":8,"26":5,"27":5,"28":5,"29":14,"30":4,"31":10,"32":5,"33":5,"34":4,"35":4,"36":4,"37":1,"38":1,"39":1,"40":5,"41":5,"42":13,"43":5,"44":4,"45":4,"46":8},"f":{"0":8,"1":11,"2":13},"b":{"0":[4,4],"1":[8,8,8],"2":[2,9],"3":[0,5],"4":[8,5],"5":[4,10],"6":[5,5],"7":[4,1],"8":[4,1],"9":[5,5]},"_coverageSchema":"1a1c01bbd47fc00a2c39e90264f33305004495a9","hash":"e41c68457cb0285f9f732603366dec85a1f4f0ca"}
}
