TN:
SF:app.js
FN:13,(anonymous_0)
FNF:1
FNH:1
FNDA:8,(anonymous_0)
DA:5,1
DA:8,1
DA:10,1
DA:13,1
DA:14,8
DA:15,1
DA:16,1
DA:19,7
DA:21,7
LF:9
LH:9
BRDA:14,0,0,1
BRDA:14,0,1,7
BRF:2
BRH:2
end_of_record
TN:
SF:lib.js
FN:13,expensesCalculator
FN:23,(anonymous_1)
FN:103,(anonymous_2)
FNF:3
FNH:3
FNDA:8,expensesCalculator
FNDA:11,(anonymous_1)
FNDA:13,(anonymous_2)
DA:14,8
DA:16,8
DA:17,4
DA:18,4
DA:20,4
DA:23,4
DA:24,11
DA:25,2
DA:27,9
DA:30,11
DA:34,4
DA:37,4
DA:39,4
DA:40,4
DA:43,4
DA:45,4
DA:46,4
DA:47,4
DA:49,5
DA:50,5
DA:51,0
DA:52,0
DA:55,5
DA:57,13
DA:58,8
DA:62,5
DA:65,5
DA:66,14
DA:67,4
DA:70,10
DA:72,5
DA:76,5
DA:77,4
DA:83,4
DA:84,4
DA:86,1
DA:92,1
DA:93,1
DA:96,5
DA:103,13
DA:104,5
DA:105,4
DA:109,4
DA:112,8
LF:44
LH:42
BRDA:16,0,0,4
BRDA:16,0,1,4
BRDA:16,1,0,8
BRDA:16,1,1,8
BRDA:16,1,2,8
BRDA:24,2,0,2
BRDA:24,2,1,9
BRDA:50,3,0,0
BRDA:50,3,1,5
BRDA:57,4,0,8
BRDA:57,4,1,5
BRDA:66,5,0,4
BRDA:66,5,1,10
BRDA:70,6,0,5
BRDA:70,6,1,5
BRDA:76,7,0,4
BRDA:76,7,1,1
BRDA:104,8,0,4
BRDA:104,8,1,1
BRDA:104,9,0,5
BRDA:104,9,1,5
BRF:21
BRH:20
end_of_record
